<?xml version="1.0" encoding="utf-8"?><testsuites name="pytest tests"><testsuite name="pytest" errors="0" failures="0" skipped="0" tests="18" time="77.965" timestamp="2026-05-06T07:06:04.900906+00:00" hostname="agent-env-a6bddc05-dbe3-4348-a923-e84dda5a5b15"><testcase classname="tests.test_admin_dashboard.TestAdminSeed" name="test_admin_login_role" time="0.490" /><testcase classname="tests.test_admin_dashboard.TestAdminOverview" name="test_overview_returns_counts" time="0.452" /><testcase classname="tests.test_admin_dashboard.TestAdminOverview" name="test_overview_teacher_403" time="0.449" /><testcase classname="tests.test_admin_dashboard.TestAdminUsers" name="test_users_list_no_password_hash" time="0.134" /><testcase classname="tests.test_admin_dashboard.TestAdminUsers" name="test_users_teacher_403" time="0.122" /><testcase classname="tests.test_admin_dashboard.TestAdminTextbooks" name="test_textbooks_lists_all" time="64.132" /><testcase classname="tests.test_admin_dashboard.TestAdminTextbooks" name="test_textbooks_teacher_403" time="0.103" /><testcase classname="tests.test_admin_dashboard.TestAdminPapers" name="test_papers_lists_all_with_owner" time="0.104" /><testcase classname="tests.test_admin_dashboard.TestAdminPapers" name="test_papers_teacher_403" time="0.101" /><testcase classname="tests.test_admin_dashboard.TestShareTextbook" name="test_teacher_cannot_see_admin_book_before_share" time="0.202" /><testcase classname="tests.test_admin_dashboard.TestShareTextbook" name="test_admin_share_toggle_idempotent" time="0.240" /><testcase classname="tests.test_admin_dashboard.TestShareTextbook" name="test_share_non_admin_403" time="0.099" /><testcase classname="tests.test_admin_dashboard.TestShareTextbook" name="test_teacher_sees_shared_book_readonly" time="0.208" /><testcase classname="tests.test_admin_dashboard.TestShareTextbook" name="test_teacher_generate_with_shared_book" time="0.103" /><testcase classname="tests.test_admin_dashboard.TestShareTextbook" name="test_unshare_blocks_generate" time="9.566" /><testcase classname="tests.test_admin_dashboard.TestUploadIsSharedFlag" name="test_teacher_cannot_self_share_upload" time="0.410" /><testcase classname="tests.test_admin_dashboard.TestUploadIsSharedFlag" name="test_admin_upload_is_shared_true" time="0.358" /><testcase classname="tests.test_admin_dashboard.TestAdminManageNonOwned" name="test_admin_reindex_teacher_book" time="0.581" /></testsuite></testsuites>