<?xml version="1.0" encoding="utf-8"?><testsuites name="pytest tests"><testsuite name="pytest" errors="0" failures="0" skipped="0" tests="15" time="20.848" timestamp="2026-05-17T11:21:28.945896+00:00" hostname="agent-env-a6bddc05-dbe3-4348-a923-e84dda5a5b15"><testcase classname="backend.tests.test_competitive_exams.TestExamCRUD" name="test_student_cannot_create" time="0.648" /><testcase classname="backend.tests.test_competitive_exams.TestExamCRUD" name="test_teacher_create_returns_id_name_shared" time="0.488" /><testcase classname="backend.tests.test_competitive_exams.TestExamCRUD" name="test_get_exam_has_topic_and_difficulty_counts_and_papers" time="0.101" /><testcase classname="backend.tests.test_competitive_exams.TestExamCRUD" name="test_list_student_only_sees_shared" time="0.112" /><testcase classname="backend.tests.test_competitive_exams.TestExamCRUD" name="test_list_teacher_sees_own_plus_shared" time="0.115" /><testcase classname="backend.tests.test_competitive_exams.TestExamCRUD" name="test_list_admin_sees_all" time="0.445" /><testcase classname="backend.tests.test_competitive_exams.TestRAGPreview" name="test_projectile_motion_returns_anchors" time="0.107" /><testcase classname="backend.tests.test_competitive_exams.TestRAGPreview" name="test_student_403" time="0.099" /><testcase classname="backend.tests.test_competitive_exams.TestPastPaperLifecycle" name="test_upload_returns_ingesting_then_delete_decrements" time="2.549" /><testcase classname="backend.tests.test_competitive_exams.TestPastPaperLifecycle" name="test_student_cannot_upload" time="0.104" /><testcase classname="backend.tests.test_competitive_exams.TestGeneratePaper" name="test_generate_kicks_off_and_reaches_ready" time="14.902" /><testcase classname="backend.tests.test_competitive_exams.TestGeneratePaper" name="test_pdf_renders_for_competitive_paper" time="0.760" /><testcase classname="backend.tests.test_competitive_exams.TestGeneratePaper" name="test_exam_id_mismatch_400" time="0.094" /><testcase classname="backend.tests.test_competitive_exams.TestRegression" name="test_admin_overview" time="0.106" /><testcase classname="backend.tests.test_competitive_exams.TestRegression" name="test_textbooks" time="0.101" /></testsuite></testsuites>