<?xml version="1.0" encoding="utf-8"?><testsuites name="pytest tests"><testsuite name="pytest" errors="0" failures="1" skipped="0" tests="14" time="16.840" timestamp="2026-05-20T20:39:50.695690+00:00" hostname="agent-env-a6bddc05-dbe3-4348-a923-e84dda5a5b15"><testcase classname="backend.tests.test_exam_type_routing.TestExamTypeCRUD" name="test_create_persists_exam_type[JEE_MAINS]" time="0.797" /><testcase classname="backend.tests.test_exam_type_routing.TestExamTypeCRUD" name="test_create_persists_exam_type[JEE_ADV]" time="0.253" /><testcase classname="backend.tests.test_exam_type_routing.TestExamTypeCRUD" name="test_create_persists_exam_type[CAT]" time="0.249" /><testcase classname="backend.tests.test_exam_type_routing.TestExamTypeCRUD" name="test_create_persists_exam_type[UPSC]" time="0.267" /><testcase classname="backend.tests.test_exam_type_routing.TestExamTypeCRUD" name="test_create_persists_exam_type[NEET]" time="0.292" /><testcase classname="backend.tests.test_exam_type_routing.TestExamTypeCRUD" name="test_create_persists_exam_type[GENERIC]" time="0.267" /><testcase classname="backend.tests.test_exam_type_routing.TestExamTypeCRUD" name="test_list_contains_exam_type_field" time="0.220"><failure message="AssertionError: {'created_at': '2026-05-17T12:09:56.898796+00:00', 'description': '', 'id': '422ed801-c1d5-49d1-a7fd-5aac27b9b5cd', 'is_deleted': False, ...}&#10;assert 'exam_type' in {'created_at': '2026-05-17T12:09:56.898796+00:00', 'description': '', 'id': '422ed801-c1d5-49d1-a7fd-5aac27b9b5cd', 'is_deleted': False, ...}">backend/tests/test_exam_type_routing.py:58: in test_list_contains_exam_type_field
    assert "exam_type" in row, row
E   AssertionError: {'created_at': '2026-05-17T12:09:56.898796+00:00', 'description': '', 'id': '422ed801-c1d5-49d1-a7fd-5aac27b9b5cd', 'is_deleted': False, ...}
E   assert 'exam_type' in {'created_at': '2026-05-17T12:09:56.898796+00:00', 'description': '', 'id': '422ed801-c1d5-49d1-a7fd-5aac27b9b5cd', 'is_deleted': False, ...}</failure></testcase><testcase classname="backend.tests.test_exam_type_routing.TestExamTypeCRUD" name="test_invalid_exam_type_normalises_or_falls_back" time="0.192" /><testcase classname="backend.tests.test_exam_type_routing.TestGenerateRoutesByExamType" name="test_seeded_jee_mains_generates_with_exam_type_stamped" time="12.835" /><testcase classname="backend.tests.test_exam_type_routing.TestBackendLogPrimary" name="test_jee_mains_primary_was_gpt_5_1" time="0.006" /><testcase classname="backend.tests.test_exam_type_routing.TestRegression" name="test_admin_overview" time="0.583" /><testcase classname="backend.tests.test_exam_type_routing.TestRegression" name="test_textbooks_list" time="0.121" /><testcase classname="backend.tests.test_exam_type_routing.TestRegression" name="test_papers_list" time="0.163" /><testcase classname="backend.tests.test_exam_type_routing.TestRegression" name="test_student_section" time="0.509" /></testsuite></testsuites>