<?xml version="1.0" encoding="utf-8"?><testsuites name="pytest tests"><testsuite name="pytest" errors="0" failures="1" skipped="0" tests="5" time="140.073" timestamp="2026-05-21T05:12:44.489623+00:00" hostname="agent-env-a6bddc05-dbe3-4348-a923-e84dda5a5b15"><testcase classname="backend.tests.test_locked_formats.TestFormatsEndpoint" name="test_formats_requires_auth" time="0.285"><failure message="AssertionError: expected 401/403 unauth, got 200&#10;assert 200 in (401, 403)&#10; +  where 200 = &lt;Response [200]&gt;.status_code">backend/tests/test_locked_formats.py:54: in test_formats_requires_auth
    assert r.status_code in (401, 403), f"expected 401/403 unauth, got {r.status_code}"
E   AssertionError: expected 401/403 unauth, got 200
E   assert 200 in (401, 403)
E    +  where 200 = &lt;Response [200]&gt;.status_code</failure></testcase><testcase classname="backend.tests.test_locked_formats.TestFormatsEndpoint" name="test_formats_returns_all_five" time="0.445" /><testcase classname="backend.tests.test_locked_formats.TestLockedFormatOverride" name="test_jee_mains_overrides_client_values" time="134.095" /><testcase classname="backend.tests.test_locked_formats.TestLockedFormatOverride" name="test_pdf_download_for_jee_paper" time="4.908" /><testcase classname="backend.tests.test_locked_formats.TestGenericRespectsClient" name="test_generic_exam_uses_client_values" time="0.262" /></testsuite></testsuites>