<?xml version="1.0" encoding="utf-8"?><testsuites name="pytest tests"><testsuite name="pytest" errors="0" failures="0" skipped="1" tests="10" time="151.535" timestamp="2026-05-06T06:49:45.241603+00:00" hostname="agent-env-a6bddc05-dbe3-4348-a923-e84dda5a5b15"><testcase classname="tests.test_new_features.TestAsyncGeneration" name="test_generate_returns_pending_quickly" time="1.384" /><testcase classname="tests.test_new_features.TestAsyncGeneration" name="test_pdf_blocked_while_pending" time="10.720" /><testcase classname="tests.test_new_features.TestMultiTextbook" name="test_generate_with_multi_textbook_ids" time="21.769" /><testcase classname="tests.test_new_features.TestMultiTextbook" name="test_legacy_textbook_id_still_works" time="19.390" /><testcase classname="tests.test_new_features.TestPollUntilReady" name="test_paper_eventually_ready" time="42.157" /><testcase classname="tests.test_new_features.TestPollUntilReady" name="test_format_distribution_mix" time="0.000" /><testcase classname="tests.test_new_features.TestPollUntilReady" name="test_pdf_download_after_ready" time="0.833" /><testcase classname="tests.test_new_features.TestCustomFormatChip" name="test_custom_format_case_study" time="17.741" /><testcase classname="tests.test_new_features.TestCrossTeacherAuth" name="test_cross_teacher_get_403" time="37.338" /><testcase classname="tests.test_new_features.TestPDFFailedBlock" name="test_pdf_blocked_on_failed" time="0.103"><skipped type="pytest.skip" message="no failed papers to verify 409 (acceptable)">/app/backend/tests/test_new_features.py:401: no failed papers to verify 409 (acceptable)</skipped></testcase></testsuite></testsuites>