<?xml version="1.0" encoding="utf-8"?><testsuites name="pytest tests"><testsuite name="pytest" errors="0" failures="1" skipped="0" tests="28" time="396.218" timestamp="2026-04-18T09:45:31.110239+00:00" hostname="agent-env-a6bddc05-dbe3-4348-a923-e84dda5a5b15"><testcase classname="tests.test_qpaper_features.TestAuth" name="test_register_new_user" time="0.544" /><testcase classname="tests.test_qpaper_features.TestAuth" name="test_register_duplicate_email" time="0.184" /><testcase classname="tests.test_qpaper_features.TestAuth" name="test_login_success" time="0.686" /><testcase classname="tests.test_qpaper_features.TestAuth" name="test_login_invalid_credentials" time="0.814" /><testcase classname="tests.test_qpaper_features.TestAuth" name="test_login_existing_user" time="0.367" /><testcase classname="tests.test_qpaper_features.TestTextbookUpload" name="test_upload_textbook_no_auth" time="0.148" /><testcase classname="tests.test_qpaper_features.TestTextbookUpload" name="test_upload_textbook_success" time="0.802" /><testcase classname="tests.test_qpaper_features.TestTextbookUpload" name="test_upload_non_pdf_fails" time="0.133" /><testcase classname="tests.test_qpaper_features.TestTopicExtraction" name="test_extract_topics_no_auth" time="0.482" /><testcase classname="tests.test_qpaper_features.TestTopicExtraction" name="test_extract_topics_success" time="3.262" /><testcase classname="tests.test_qpaper_features.TestPaperGeneration" name="test_generate_paper_no_auth" time="4.430" /><testcase classname="tests.test_qpaper_features.TestPaperGeneration" name="test_generate_paper_success" time="67.770"><failure message="requests.exceptions.JSONDecodeError: Expecting value: line 1 column 1 (char 0)">/root/.venv/lib/python3.11/site-packages/requests/models.py:978: in json
    return complexjson.loads(self.text, **kwargs)
           ^^^^^^^^^^^^^^^^^^^^^^^^^^^^^^^^^^^^^^
/usr/local/lib/python3.11/json/__init__.py:346: in loads
    return _default_decoder.decode(s)
           ^^^^^^^^^^^^^^^^^^^^^^^^^^
/usr/local/lib/python3.11/json/decoder.py:337: in decode
    obj, end = self.raw_decode(s, idx=_w(s, 0).end())
               ^^^^^^^^^^^^^^^^^^^^^^^^^^^^^^^^^^^^^^
/usr/local/lib/python3.11/json/decoder.py:355: in raw_decode
    raise JSONDecodeError("Expecting value", s, err.value) from None
E   json.decoder.JSONDecodeError: Expecting value: line 1 column 1 (char 0)

During handling of the above exception, another exception occurred:
tests/test_qpaper_features.py:346: in test_generate_paper_success
    print(f"⚠ Paper generation LLM failed: {response.json().get('detail')}")
                                            ^^^^^^^^^^^^^^^
/root/.venv/lib/python3.11/site-packages/requests/models.py:982: in json
    raise RequestsJSONDecodeError(e.msg, e.doc, e.pos)
E   requests.exceptions.JSONDecodeError: Expecting value: line 1 column 1 (char 0)</failure></testcase><testcase classname="tests.test_qpaper_features.TestPaperGeneration" name="test_generate_paper_invalid_distribution" time="9.369" /><testcase classname="tests.test_qpaper_features.TestPaperEditing" name="test_patch_paper_metadata" time="37.942" /><testcase classname="tests.test_qpaper_features.TestPaperEditing" name="test_patch_paper_sections_modify_question" time="27.587" /><testcase classname="tests.test_qpaper_features.TestPaperEditing" name="test_patch_paper_sections_add_question" time="12.569" /><testcase classname="tests.test_qpaper_features.TestPaperEditing" name="test_patch_paper_sections_delete_question" time="36.258" /><testcase classname="tests.test_qpaper_features.TestFeedbackLoop" name="test_generate_after_edits" time="113.386" /><testcase classname="tests.test_qpaper_features.TestDiagramEndpoint" name="test_diagram_endpoint_no_auth" time="0.175" /><testcase classname="tests.test_qpaper_features.TestDiagramEndpoint" name="test_diagram_endpoint_not_found" time="0.136" /><testcase classname="tests.test_qpaper_features.TestDiagramEndpoint" name="test_diagram_endpoint_with_query_auth" time="0.131" /><testcase classname="tests.test_qpaper_features.TestQuestionPaperUpload" name="test_upload_qpaper_no_auth" time="0.104" /><testcase classname="tests.test_qpaper_features.TestQuestionPaperUpload" name="test_upload_qpaper_success" time="2.780" /><testcase classname="tests.test_qpaper_features.TestQuestionPaperUpload" name="test_upload_qpaper_verify_in_qbank" time="3.726" /><testcase classname="tests.test_qpaper_features.TestPDFDownload" name="test_pdf_download_no_auth" time="25.354" /><testcase classname="tests.test_qpaper_features.TestPDFDownload" name="test_pdf_download_with_header" time="24.487" /><testcase classname="tests.test_qpaper_features.TestPDFDownload" name="test_pdf_download_with_query_auth" time="21.987" /><testcase classname="tests.test_qpaper_features.TestJWTEnforcement" name="test_protected_endpoints_require_auth" time="0.414" /></testsuite></testsuites>