<?xml version="1.0" encoding="utf-8"?><testsuites name="pytest tests"><testsuite name="pytest" errors="0" failures="0" skipped="0" tests="14" time="17.573" timestamp="2026-08-08T15:00:57.953931+00:00" hostname="agent-env-a6bddc05-dbe3-4348-a923-e84dda5a5b15"><testcase classname="backend.tests.test_textbook_ingest.TestOCRBootstrap" name="test_pdftoppm_present" time="0.000" /><testcase classname="backend.tests.test_textbook_ingest.TestOCRBootstrap" name="test_tesseract_present" time="0.000" /><testcase classname="backend.tests.test_textbook_ingest.TestTextbookAsyncIngest" name="test_login" time="0.492" /><testcase classname="backend.tests.test_textbook_ingest.TestTextbookAsyncIngest" name="test_upload_returns_ingesting_immediately" time="11.151" /><testcase classname="backend.tests.test_textbook_ingest.TestTextbookAsyncIngest" name="test_extract_topics_409_while_ingesting" time="0.176" /><testcase classname="backend.tests.test_textbook_ingest.TestTextbookAsyncIngest" name="test_status_transitions_to_indexed" time="1.299" /><testcase classname="backend.tests.test_textbook_ingest.TestTextbookAsyncIngest" name="test_extract_topics_after_indexed" time="2.620" /><testcase classname="backend.tests.test_textbook_ingest.TestTextbookAsyncIngest" name="test_cleanup_uploaded_textbook" time="0.119" /><testcase classname="backend.tests.test_textbook_ingest.TestExistingTextbookExtractTopics" name="test_list_textbooks" time="0.102" /><testcase classname="backend.tests.test_textbook_ingest.TestExistingTextbookExtractTopics" name="test_extraction_failed_returns_400" time="0.137" /><testcase classname="backend.tests.test_textbook_ingest.TestExistingTextbookExtractTopics" name="test_indexed_or_topics_ready_returns_200" time="1.006" /><testcase classname="backend.tests.test_textbook_ingest.TestRegressionEndpoints" name="test_papers_endpoint_reachable" time="0.169" /><testcase classname="backend.tests.test_textbook_ingest.TestRegressionEndpoints" name="test_qbank_endpoint_reachable" time="0.114" /><testcase classname="backend.tests.test_textbook_ingest.TestRegressionEndpoints" name="test_competitive_exams_reachable" time="0.109" /></testsuite></testsuites>