<?xml version="1.0" encoding="utf-8"?><testsuites name="pytest tests"><testsuite name="pytest" errors="0" failures="0" skipped="0" tests="30" time="580.810" timestamp="2026-04-21T09:47:16.518713+00:00" hostname="agent-env-a6bddc05-dbe3-4348-a923-e84dda5a5b15"><testcase classname="backend.tests.test_solution_features.TestSolutionGeneration" name="test_generate_solution_no_auth" time="32.792" /><testcase classname="backend.tests.test_solution_features.TestSolutionGeneration" name="test_generate_solution_success" time="38.241" /><testcase classname="backend.tests.test_solution_features.TestSolutionGeneration" name="test_generate_solution_nonexistent_paper" time="0.299" /><testcase classname="backend.tests.test_solution_features.TestSolutionGeneration" name="test_paper_includes_solution_after_generation" time="18.700" /><testcase classname="backend.tests.test_solution_features.TestAnswerDepth" name="test_answer_depth_by_type" time="18.836" /><testcase classname="backend.tests.test_solution_features.TestSolutionEditing" name="test_patch_solution_no_auth" time="35.806" /><testcase classname="backend.tests.test_solution_features.TestSolutionEditing" name="test_patch_solution_success" time="50.686" /><testcase classname="backend.tests.test_solution_features.TestSolutionEditing" name="test_patch_solution_without_existing_solution" time="28.446" /><testcase classname="backend.tests.test_solution_features.TestSolutionStaleness" name="test_solution_becomes_stale_after_paper_edit" time="59.388" /><testcase classname="backend.tests.test_solution_features.TestSolutionPDF" name="test_solution_pdf_no_auth" time="32.685" /><testcase classname="backend.tests.test_solution_features.TestSolutionPDF" name="test_solution_pdf_with_header" time="52.982" /><testcase classname="backend.tests.test_solution_features.TestSolutionPDF" name="test_solution_pdf_with_query_auth" time="38.305" /><testcase classname="backend.tests.test_solution_features.TestSolutionPDF" name="test_solution_pdf_without_solution" time="36.439" /><testcase classname="backend.tests.test_solution_features.TestBulkSolutionGeneration" name="test_bulk_generate_no_auth" time="0.111" /><testcase classname="backend.tests.test_solution_features.TestBulkSolutionGeneration" name="test_bulk_generate_only_missing" time="78.367" /><testcase classname="backend.tests.test_solution_features.TestToggleImportant" name="test_toggle_important_no_auth" time="0.123" /><testcase classname="backend.tests.test_solution_features.TestToggleImportant" name="test_toggle_important_success" time="0.104" /><testcase classname="backend.tests.test_solution_features.TestToggleImportant" name="test_toggle_important_nonexistent_question" time="0.113" /><testcase classname="backend.tests.test_solution_features.TestPaperDelete" name="test_delete_paper_no_auth" time="0.104" /><testcase classname="backend.tests.test_solution_features.TestPaperDelete" name="test_delete_paper_success" time="55.667" /><testcase classname="backend.tests.test_solution_features.TestPaperDelete" name="test_delete_paper_nonexistent" time="0.106" /><testcase classname="backend.tests.test_solution_features.TestTextbookDelete" name="test_delete_textbook_no_auth" time="0.105" /><testcase classname="backend.tests.test_solution_features.TestTextbookDelete" name="test_delete_textbook_success" time="0.497" /><testcase classname="backend.tests.test_solution_features.TestQuestionBankCRUD" name="test_create_qbank_question_no_auth" time="0.113" /><testcase classname="backend.tests.test_solution_features.TestQuestionBankCRUD" name="test_create_qbank_question_success" time="0.112" /><testcase classname="backend.tests.test_solution_features.TestQuestionBankCRUD" name="test_list_qbank_with_filters" time="0.435" /><testcase classname="backend.tests.test_solution_features.TestQuestionBankCRUD" name="test_delete_qbank_question" time="0.323" /><testcase classname="backend.tests.test_solution_features.TestQuestionBankCRUD" name="test_save_from_paper" time="0.111" /><testcase classname="backend.tests.test_solution_features.TestAuthEnforcement" name="test_access_other_users_paper" time="0.103" /><testcase classname="backend.tests.test_solution_features.TestAuthEnforcement" name="test_endpoints_return_401_without_token" time="0.562" /></testsuite></testsuites>