<?xml version="1.0" encoding="utf-8"?><testsuites name="pytest tests"><testsuite name="pytest" errors="0" failures="0" skipped="0" tests="13" time="13.989" timestamp="2026-05-17T09:53:27.561030+00:00" hostname="agent-env-a6bddc05-dbe3-4348-a923-e84dda5a5b15"><testcase classname="backend.tests.test_student_mock.TestRegisterRole" name="test_register_accepts_student" time="0.483" /><testcase classname="backend.tests.test_student_mock.TestRegisterRole" name="test_register_rejects_unknown_role" time="0.048" /><testcase classname="backend.tests.test_student_mock.TestSharedTextbooks" name="test_lists_only_shared" time="0.049" /><testcase classname="backend.tests.test_student_mock.TestSharedTextbooks" name="test_teacher_403_on_student_route" time="0.322" /><testcase classname="backend.tests.test_student_mock.TestMockTestLifecycle" name="test_get_hides_correct_option_until_submit" time="12.315" /><testcase classname="backend.tests.test_student_mock.TestMockTestLifecycle" name="test_cannot_start_before_ready_or_after_submitted" time="0.048" /><testcase classname="backend.tests.test_student_mock.TestMockTestLifecycle" name="test_autosave_answers" time="0.098" /><testcase classname="backend.tests.test_student_mock.TestMockTestLifecycle" name="test_submit_and_score" time="0.047" /><testcase classname="backend.tests.test_student_mock.TestMockTestLifecycle" name="test_result_exposes_correct_option" time="0.046" /><testcase classname="backend.tests.test_student_mock.TestRoleGuards" name="test_teacher_blocked_from_mock_routes" time="0.045" /><testcase classname="backend.tests.test_student_mock.TestRoleGuards" name="test_unauthed_blocked" time="0.046" /><testcase classname="backend.tests.test_student_mock.TestTeacherRegression" name="test_textbooks_endpoint" time="0.046" /><testcase classname="backend.tests.test_student_mock.TestTeacherRegression" name="test_admin_overview" time="0.319" /></testsuite></testsuites>